2020-03-24 16:03:40.199 [ main ] - [ INFO  ] [ com.wmding.blog.MyBlogApplication : 50 ] - Starting MyBlogApplication on wmdingdeMBP.lan with PID 50207 (/Users/wmding/WorkSpaces/My/blog/My-Blog/target/classes started by wmding in /Users/wmding/WorkSpaces/My/blog/My-Blog)
2020-03-24 16:03:40.203 [ main ] - [ INFO  ] [ com.wmding.blog.MyBlogApplication : 675 ] - No active profile set, falling back to default profiles: default
2020-03-24 16:03:41.421 [ main ] - [ INFO  ] [ org.apache.coyote.http11.Http11NioProtocol : 173 ] - Initializing ProtocolHandler ["http-nio-8000"]
2020-03-24 16:03:41.425 [ main ] - [ INFO  ] [ org.apache.catalina.core.StandardService : 173 ] - Starting service [Tomcat]
2020-03-24 16:03:41.426 [ main ] - [ INFO  ] [ org.apache.catalina.core.StandardEngine : 173 ] - Starting Servlet Engine: Apache Tomcat/9.0.12
2020-03-24 16:03:41.431 [ main ] - [ INFO  ] [ org.apache.catalina.core.AprLifecycleListener : 173 ] - The APR based Apache Tomcat Native library which allows optimal performance in production environments was not found on the java.library.path: [/Users/wmding/Library/Java/Extensions:/Library/Java/Extensions:/Network/Library/Java/Extensions:/System/Library/Java/Extensions:/usr/lib/java:.]
2020-03-24 16:03:41.498 [ main ] - [ INFO  ] [ o.a.c.core.ContainerBase.[Tomcat].[localhost].[/] : 173 ] - Initializing Spring embedded WebApplicationContext
2020-03-24 16:03:41.635 [ main ] - [ INFO  ] [ c.a.d.s.b.a.DruidDataSourceAutoConfigure : 56 ] - Init DruidDataSource
2020-03-24 16:03:42.039 [ main ] - [ INFO  ] [ com.alibaba.druid.pool.DruidDataSource : 930 ] - {dataSource-1} inited
2020-03-24 16:03:42.676 [ main ] - [ INFO  ] [ org.apache.coyote.http11.Http11NioProtocol : 173 ] - Starting ProtocolHandler ["http-nio-8000"]
2020-03-24 16:03:42.700 [ main ] - [ INFO  ] [ org.apache.tomcat.util.net.NioSelectorPool : 173 ] - Using a shared selector for servlet write/read
2020-03-24 16:03:42.719 [ main ] - [ INFO  ] [ com.wmding.blog.MyBlogApplication : 59 ] - Started MyBlogApplication in 2.971 seconds (JVM running for 3.66)
2020-03-24 16:04:02.071 [ http-nio-8000-exec-1 ] - [ INFO  ] [ o.a.c.core.ContainerBase.[Tomcat].[localhost].[/] : 173 ] - Initializing Spring DispatcherServlet 'dispatcherServlet'
2020-03-24 16:06:29.765 [ Thread-8 ] - [ INFO  ] [ com.alibaba.druid.pool.DruidDataSource : 1825 ] - {dataSource-1} closed
2020-03-24 16:06:33.965 [ main ] - [ INFO  ] [ com.wmding.blog.MyBlogApplication : 50 ] - Starting MyBlogApplication on wmdingdeMBP.lan with PID 50321 (/Users/wmding/WorkSpaces/My/blog/My-Blog/target/classes started by wmding in /Users/wmding/WorkSpaces/My/blog/My-Blog)
2020-03-24 16:06:33.981 [ main ] - [ INFO  ] [ com.wmding.blog.MyBlogApplication : 675 ] - No active profile set, falling back to default profiles: default
2020-03-24 16:06:35.243 [ main ] - [ INFO  ] [ org.apache.coyote.http11.Http11NioProtocol : 173 ] - Initializing ProtocolHandler ["http-nio-8000"]
2020-03-24 16:06:35.248 [ main ] - [ INFO  ] [ org.apache.catalina.core.StandardService : 173 ] - Starting service [Tomcat]
2020-03-24 16:06:35.248 [ main ] - [ INFO  ] [ org.apache.catalina.core.StandardEngine : 173 ] - Starting Servlet Engine: Apache Tomcat/9.0.12
2020-03-24 16:06:35.254 [ main ] - [ INFO  ] [ org.apache.catalina.core.AprLifecycleListener : 173 ] - The APR based Apache Tomcat Native library which allows optimal performance in production environments was not found on the java.library.path: [/Users/wmding/Library/Java/Extensions:/Library/Java/Extensions:/Network/Library/Java/Extensions:/System/Library/Java/Extensions:/usr/lib/java:.]
2020-03-24 16:06:35.330 [ main ] - [ INFO  ] [ o.a.c.core.ContainerBase.[Tomcat].[localhost].[/] : 173 ] - Initializing Spring embedded WebApplicationContext
2020-03-24 16:06:35.464 [ main ] - [ INFO  ] [ c.a.d.s.b.a.DruidDataSourceAutoConfigure : 56 ] - Init DruidDataSource
2020-03-24 16:06:35.861 [ main ] - [ INFO  ] [ com.alibaba.druid.pool.DruidDataSource : 930 ] - {dataSource-1} inited
2020-03-24 16:06:36.491 [ main ] - [ INFO  ] [ org.apache.coyote.http11.Http11NioProtocol : 173 ] - Starting ProtocolHandler ["http-nio-8000"]
2020-03-24 16:06:36.513 [ main ] - [ INFO  ] [ org.apache.tomcat.util.net.NioSelectorPool : 173 ] - Using a shared selector for servlet write/read
2020-03-24 16:06:36.533 [ main ] - [ INFO  ] [ com.wmding.blog.MyBlogApplication : 59 ] - Started MyBlogApplication in 3.014 seconds (JVM running for 3.758)
2020-03-24 16:06:42.774 [ http-nio-8000-exec-1 ] - [ INFO  ] [ o.a.c.core.ContainerBase.[Tomcat].[localhost].[/] : 173 ] - Initializing Spring DispatcherServlet 'dispatcherServlet'
2020-03-24 16:06:42.846 [ http-nio-8000-exec-1 ] - [ ERROR ] [ com.wmding.blog.controller.admin.AdminController : 84 ] - 验证码错误
2020-03-24 16:07:13.835 [ http-nio-8000-exec-12 ] - [ ERROR ] [ com.wmding.blog.controller.admin.AdminController : 98 ] - 登录失败
2020-03-24 16:07:26.763 [ http-nio-8000-exec-14 ] - [ INFO  ] [ com.wmding.blog.controller.admin.AdminController : 90 ] - admin登录成功
2020-03-24 18:08:31.391 [ Thread-8 ] - [ INFO  ] [ com.alibaba.druid.pool.DruidDataSource : 1825 ] - {dataSource-1} closed
2020-03-24 18:08:33.483 [ main ] - [ INFO  ] [ com.wmding.blog.MyBlogApplication : 50 ] - Starting MyBlogApplication on wmdingdeMBP.lan with PID 54876 (/Users/wmding/WorkSpaces/My/blog/My-Blog/target/classes started by wmding in /Users/wmding/WorkSpaces/My/blog/My-Blog)
2020-03-24 18:08:33.489 [ main ] - [ INFO  ] [ com.wmding.blog.MyBlogApplication : 675 ] - No active profile set, falling back to default profiles: default
2020-03-24 18:08:50.827 [ main ] - [ INFO  ] [ com.wmding.blog.MyBlogApplication : 50 ] - Starting MyBlogApplication on wmdingdeMBP.lan with PID 54890 (/Users/wmding/WorkSpaces/My/blog/My-Blog/target/classes started by wmding in /Users/wmding/WorkSpaces/My/blog/My-Blog)
2020-03-24 18:08:50.830 [ main ] - [ INFO  ] [ com.wmding.blog.MyBlogApplication : 675 ] - No active profile set, falling back to default profiles: default
2020-03-24 18:10:29.722 [ main ] - [ INFO  ] [ com.wmding.blog.MyBlogApplication : 50 ] - Starting MyBlogApplication on wmdingdeMBP.lan with PID 54952 (/Users/wmding/WorkSpaces/My/blog/My-Blog/target/classes started by wmding in /Users/wmding/WorkSpaces/My/blog/My-Blog)
2020-03-24 18:10:29.726 [ main ] - [ INFO  ] [ com.wmding.blog.MyBlogApplication : 675 ] - No active profile set, falling back to default profiles: default
2020-03-24 18:12:40.006 [ main ] - [ INFO  ] [ com.wmding.blog.MyBlogApplication : 50 ] - Starting MyBlogApplication on wmdingdeMBP.lan with PID 55078 (/Users/wmding/WorkSpaces/My/blog/My-Blog/target/classes started by wmding in /Users/wmding/WorkSpaces/My/blog/My-Blog)
2020-03-24 18:12:40.010 [ main ] - [ INFO  ] [ com.wmding.blog.MyBlogApplication : 675 ] - No active profile set, falling back to default profiles: default
2020-03-24 18:14:20.570 [ main ] - [ INFO  ] [ com.wmding.blog.MyBlogApplication : 50 ] - Starting MyBlogApplication on wmdingdeMBP.lan with PID 55137 (/Users/wmding/WorkSpaces/My/blog/My-Blog/target/classes started by wmding in /Users/wmding/WorkSpaces/My/blog/My-Blog)
2020-03-24 18:14:20.574 [ main ] - [ INFO  ] [ com.wmding.blog.MyBlogApplication : 675 ] - No active profile set, falling back to default profiles: default
2020-03-24 18:14:37.428 [ main ] - [ INFO  ] [ com.wmding.blog.MyBlogApplication : 50 ] - Starting MyBlogApplication on wmdingdeMBP.lan with PID 55155 (/Users/wmding/WorkSpaces/My/blog/My-Blog/target/classes started by wmding in /Users/wmding/WorkSpaces/My/blog/My-Blog)
2020-03-24 18:14:37.432 [ main ] - [ INFO  ] [ com.wmding.blog.MyBlogApplication : 675 ] - No active profile set, falling back to default profiles: default
2020-03-24 18:14:38.759 [ main ] - [ INFO  ] [ org.apache.coyote.http11.Http11NioProtocol : 173 ] - Initializing ProtocolHandler ["http-nio-8000"]
2020-03-24 18:14:38.763 [ main ] - [ INFO  ] [ org.apache.catalina.core.StandardService : 173 ] - Starting service [Tomcat]
2020-03-24 18:14:38.764 [ main ] - [ INFO  ] [ org.apache.catalina.core.StandardEngine : 173 ] - Starting Servlet Engine: Apache Tomcat/9.0.12
2020-03-24 18:14:38.770 [ main ] - [ INFO  ] [ org.apache.catalina.core.AprLifecycleListener : 173 ] - The APR based Apache Tomcat Native library which allows optimal performance in production environments was not found on the java.library.path: [/Users/wmding/Library/Java/Extensions:/Library/Java/Extensions:/Network/Library/Java/Extensions:/System/Library/Java/Extensions:/usr/lib/java:.]
2020-03-24 18:14:38.831 [ main ] - [ INFO  ] [ o.a.c.core.ContainerBase.[Tomcat].[localhost].[/] : 173 ] - Initializing Spring embedded WebApplicationContext
2020-03-24 18:14:39.010 [ main ] - [ INFO  ] [ c.a.d.s.b.a.DruidDataSourceAutoConfigure : 56 ] - Init DruidDataSource
2020-03-24 18:14:39.480 [ main ] - [ INFO  ] [ com.alibaba.druid.pool.DruidDataSource : 930 ] - {dataSource-1} inited
2020-03-24 18:14:40.125 [ main ] - [ INFO  ] [ org.apache.coyote.http11.Http11NioProtocol : 173 ] - Starting ProtocolHandler ["http-nio-8000"]
2020-03-24 18:14:40.148 [ main ] - [ INFO  ] [ org.apache.tomcat.util.net.NioSelectorPool : 173 ] - Using a shared selector for servlet write/read
2020-03-24 18:14:40.170 [ main ] - [ INFO  ] [ com.wmding.blog.MyBlogApplication : 59 ] - Started MyBlogApplication in 3.179 seconds (JVM running for 3.89)
2020-03-24 18:14:43.632 [ Thread-8 ] - [ INFO  ] [ com.alibaba.druid.pool.DruidDataSource : 1825 ] - {dataSource-1} closed
2020-03-24 18:15:31.785 [ main ] - [ INFO  ] [ com.wmding.blog.MyBlogApplication : 50 ] - Starting MyBlogApplication on wmdingdeMBP.lan with PID 55203 (/Users/wmding/WorkSpaces/My/blog/My-Blog/target/classes started by wmding in /Users/wmding/WorkSpaces/My/blog/My-Blog)
2020-03-24 18:15:31.789 [ main ] - [ INFO  ] [ com.wmding.blog.MyBlogApplication : 675 ] - No active profile set, falling back to default profiles: default
2020-03-24 18:15:33.064 [ main ] - [ INFO  ] [ org.apache.coyote.http11.Http11NioProtocol : 173 ] - Initializing ProtocolHandler ["http-nio-8000"]
2020-03-24 18:15:33.068 [ main ] - [ INFO  ] [ org.apache.catalina.core.StandardService : 173 ] - Starting service [Tomcat]
2020-03-24 18:15:33.068 [ main ] - [ INFO  ] [ org.apache.catalina.core.StandardEngine : 173 ] - Starting Servlet Engine: Apache Tomcat/9.0.12
2020-03-24 18:15:33.074 [ main ] - [ INFO  ] [ org.apache.catalina.core.AprLifecycleListener : 173 ] - The APR based Apache Tomcat Native library which allows optimal performance in production environments was not found on the java.library.path: [/Users/wmding/Library/Java/Extensions:/Library/Java/Extensions:/Network/Library/Java/Extensions:/System/Library/Java/Extensions:/usr/lib/java:.]
2020-03-24 18:15:33.135 [ main ] - [ INFO  ] [ o.a.c.core.ContainerBase.[Tomcat].[localhost].[/] : 173 ] - Initializing Spring embedded WebApplicationContext
2020-03-24 18:15:33.268 [ main ] - [ INFO  ] [ c.a.d.s.b.a.DruidDataSourceAutoConfigure : 56 ] - Init DruidDataSource
2020-03-24 18:15:33.683 [ main ] - [ INFO  ] [ com.alibaba.druid.pool.DruidDataSource : 930 ] - {dataSource-1} inited
2020-03-24 18:15:34.328 [ main ] - [ INFO  ] [ org.apache.coyote.http11.Http11NioProtocol : 173 ] - Starting ProtocolHandler ["http-nio-8000"]
2020-03-24 18:15:34.350 [ main ] - [ INFO  ] [ org.apache.tomcat.util.net.NioSelectorPool : 173 ] - Using a shared selector for servlet write/read
2020-03-24 18:15:34.369 [ main ] - [ INFO  ] [ com.wmding.blog.MyBlogApplication : 59 ] - Started MyBlogApplication in 3.03 seconds (JVM running for 3.702)
2020-03-24 18:16:47.494 [ http-nio-8000-exec-1 ] - [ INFO  ] [ org.apache.coyote.http11.Http11Processor : 175 ] - Error parsing HTTP request header
 Note: further occurrences of HTTP request parsing errors will be logged at DEBUG level.
java.lang.IllegalArgumentException: The HTTP header line [{: ] does not conform to RFC 7230 and has been ignored.
	at org.apache.coyote.http11.Http11InputBuffer.skipLine(Http11InputBuffer.java:953)
	at org.apache.coyote.http11.Http11InputBuffer.parseHeader(Http11InputBuffer.java:816)
	at org.apache.coyote.http11.Http11InputBuffer.parseHeaders(Http11InputBuffer.java:563)
	at org.apache.coyote.http11.Http11Processor.service(Http11Processor.java:311)
	at org.apache.coyote.AbstractProcessorLight.process(AbstractProcessorLight.java:66)
	at org.apache.coyote.AbstractProtocol$ConnectionHandler.process(AbstractProtocol.java:770)
	at org.apache.tomcat.util.net.NioEndpoint$SocketProcessor.doRun(NioEndpoint.java:1415)
	at org.apache.tomcat.util.net.SocketProcessorBase.run(SocketProcessorBase.java:49)
	at java.util.concurrent.ThreadPoolExecutor.runWorker(ThreadPoolExecutor.java:1149)
	at java.util.concurrent.ThreadPoolExecutor$Worker.run(ThreadPoolExecutor.java:624)
	at org.apache.tomcat.util.threads.TaskThread$WrappingRunnable.run(TaskThread.java:61)
	at java.lang.Thread.run(Thread.java:748)
2020-03-24 18:17:45.828 [ http-nio-8000-exec-3 ] - [ INFO  ] [ o.a.c.core.ContainerBase.[Tomcat].[localhost].[/] : 173 ] - Initializing Spring DispatcherServlet 'dispatcherServlet'
2020-03-24 18:21:48.052 [ Thread-8 ] - [ INFO  ] [ com.alibaba.druid.pool.DruidDataSource : 1825 ] - {dataSource-1} closed
2020-03-24 18:21:52.070 [ main ] - [ INFO  ] [ com.wmding.blog.MyBlogApplication : 50 ] - Starting MyBlogApplication on wmdingdeMBP.lan with PID 55478 (/Users/wmding/WorkSpaces/My/blog/My-Blog/target/classes started by wmding in /Users/wmding/WorkSpaces/My/blog/My-Blog)
2020-03-24 18:21:52.075 [ main ] - [ INFO  ] [ com.wmding.blog.MyBlogApplication : 675 ] - No active profile set, falling back to default profiles: default
2020-03-24 18:21:53.293 [ main ] - [ INFO  ] [ org.apache.coyote.http11.Http11NioProtocol : 173 ] - Initializing ProtocolHandler ["http-nio-8000"]
2020-03-24 18:21:53.296 [ main ] - [ INFO  ] [ org.apache.catalina.core.StandardService : 173 ] - Starting service [Tomcat]
2020-03-24 18:21:53.297 [ main ] - [ INFO  ] [ org.apache.catalina.core.StandardEngine : 173 ] - Starting Servlet Engine: Apache Tomcat/9.0.12
2020-03-24 18:21:53.302 [ main ] - [ INFO  ] [ org.apache.catalina.core.AprLifecycleListener : 173 ] - The APR based Apache Tomcat Native library which allows optimal performance in production environments was not found on the java.library.path: [/Users/wmding/Library/Java/Extensions:/Library/Java/Extensions:/Network/Library/Java/Extensions:/System/Library/Java/Extensions:/usr/lib/java:.]
2020-03-24 18:21:53.365 [ main ] - [ INFO  ] [ o.a.c.core.ContainerBase.[Tomcat].[localhost].[/] : 173 ] - Initializing Spring embedded WebApplicationContext
2020-03-24 18:21:53.504 [ main ] - [ INFO  ] [ c.a.d.s.b.a.DruidDataSourceAutoConfigure : 56 ] - Init DruidDataSource
2020-03-24 18:21:53.911 [ main ] - [ INFO  ] [ com.alibaba.druid.pool.DruidDataSource : 930 ] - {dataSource-1} inited
2020-03-24 18:21:54.531 [ main ] - [ INFO  ] [ org.apache.coyote.http11.Http11NioProtocol : 173 ] - Starting ProtocolHandler ["http-nio-8000"]
2020-03-24 18:21:54.554 [ main ] - [ INFO  ] [ org.apache.tomcat.util.net.NioSelectorPool : 173 ] - Using a shared selector for servlet write/read
2020-03-24 18:21:54.574 [ main ] - [ INFO  ] [ com.wmding.blog.MyBlogApplication : 59 ] - Started MyBlogApplication in 2.971 seconds (JVM running for 3.656)
2020-03-24 18:22:00.333 [ http-nio-8000-exec-1 ] - [ INFO  ] [ o.a.c.core.ContainerBase.[Tomcat].[localhost].[/] : 173 ] - Initializing Spring DispatcherServlet 'dispatcherServlet'
2020-03-24 18:26:30.357 [ Thread-8 ] - [ INFO  ] [ com.alibaba.druid.pool.DruidDataSource : 1825 ] - {dataSource-1} closed
2020-03-24 18:26:34.780 [ main ] - [ INFO  ] [ com.wmding.blog.MyBlogApplication : 50 ] - Starting MyBlogApplication on wmdingdeMBP.lan with PID 55683 (/Users/wmding/WorkSpaces/My/blog/My-Blog/target/classes started by wmding in /Users/wmding/WorkSpaces/My/blog/My-Blog)
2020-03-24 18:26:34.784 [ main ] - [ INFO  ] [ com.wmding.blog.MyBlogApplication : 675 ] - No active profile set, falling back to default profiles: default
2020-03-24 18:26:36.120 [ main ] - [ INFO  ] [ org.apache.coyote.http11.Http11NioProtocol : 173 ] - Initializing ProtocolHandler ["http-nio-8000"]
2020-03-24 18:26:36.125 [ main ] - [ INFO  ] [ org.apache.catalina.core.StandardService : 173 ] - Starting service [Tomcat]
2020-03-24 18:26:36.125 [ main ] - [ INFO  ] [ org.apache.catalina.core.StandardEngine : 173 ] - Starting Servlet Engine: Apache Tomcat/9.0.12
2020-03-24 18:26:36.131 [ main ] - [ INFO  ] [ org.apache.catalina.core.AprLifecycleListener : 173 ] - The APR based Apache Tomcat Native library which allows optimal performance in production environments was not found on the java.library.path: [/Users/wmding/Library/Java/Extensions:/Library/Java/Extensions:/Network/Library/Java/Extensions:/System/Library/Java/Extensions:/usr/lib/java:.]
2020-03-24 18:26:36.197 [ main ] - [ INFO  ] [ o.a.c.core.ContainerBase.[Tomcat].[localhost].[/] : 173 ] - Initializing Spring embedded WebApplicationContext
2020-03-24 18:26:36.346 [ main ] - [ INFO  ] [ c.a.d.s.b.a.DruidDataSourceAutoConfigure : 56 ] - Init DruidDataSource
2020-03-24 18:26:36.769 [ main ] - [ INFO  ] [ com.alibaba.druid.pool.DruidDataSource : 930 ] - {dataSource-1} inited
2020-03-24 18:26:38.244 [ main ] - [ INFO  ] [ org.apache.coyote.http11.Http11NioProtocol : 173 ] - Starting ProtocolHandler ["http-nio-8000"]
2020-03-24 18:26:38.277 [ main ] - [ INFO  ] [ org.apache.tomcat.util.net.NioSelectorPool : 173 ] - Using a shared selector for servlet write/read
2020-03-24 18:26:38.305 [ main ] - [ INFO  ] [ com.wmding.blog.MyBlogApplication : 59 ] - Started MyBlogApplication in 4.069 seconds (JVM running for 5.164)
2020-03-24 18:26:38.882 [ http-nio-8000-exec-1 ] - [ INFO  ] [ o.a.c.core.ContainerBase.[Tomcat].[localhost].[/] : 173 ] - Initializing Spring DispatcherServlet 'dispatcherServlet'
2020-03-24 18:27:27.557 [ Thread-11 ] - [ INFO  ] [ com.alibaba.druid.pool.DruidDataSource : 1825 ] - {dataSource-1} closed
2020-03-24 18:27:31.672 [ main ] - [ INFO  ] [ com.wmding.blog.MyBlogApplication : 50 ] - Starting MyBlogApplication on wmdingdeMBP.lan with PID 55724 (/Users/wmding/WorkSpaces/My/blog/My-Blog/target/classes started by wmding in /Users/wmding/WorkSpaces/My/blog/My-Blog)
2020-03-24 18:27:31.676 [ main ] - [ INFO  ] [ com.wmding.blog.MyBlogApplication : 675 ] - No active profile set, falling back to default profiles: default
2020-03-24 18:27:32.995 [ main ] - [ INFO  ] [ org.apache.coyote.http11.Http11NioProtocol : 173 ] - Initializing ProtocolHandler ["http-nio-8000"]
2020-03-24 18:27:32.999 [ main ] - [ INFO  ] [ org.apache.catalina.core.StandardService : 173 ] - Starting service [Tomcat]
2020-03-24 18:27:33.000 [ main ] - [ INFO  ] [ org.apache.catalina.core.StandardEngine : 173 ] - Starting Servlet Engine: Apache Tomcat/9.0.12
2020-03-24 18:27:33.005 [ main ] - [ INFO  ] [ org.apache.catalina.core.AprLifecycleListener : 173 ] - The APR based Apache Tomcat Native library which allows optimal performance in production environments was not found on the java.library.path: [/Users/wmding/Library/Java/Extensions:/Library/Java/Extensions:/Network/Library/Java/Extensions:/System/Library/Java/Extensions:/usr/lib/java:.]
2020-03-24 18:27:33.069 [ main ] - [ INFO  ] [ o.a.c.core.ContainerBase.[Tomcat].[localhost].[/] : 173 ] - Initializing Spring embedded WebApplicationContext
2020-03-24 18:27:33.211 [ main ] - [ INFO  ] [ c.a.d.s.b.a.DruidDataSourceAutoConfigure : 56 ] - Init DruidDataSource
2020-03-24 18:27:33.606 [ main ] - [ INFO  ] [ com.alibaba.druid.pool.DruidDataSource : 930 ] - {dataSource-1} inited
2020-03-24 18:27:35.024 [ main ] - [ INFO  ] [ org.apache.coyote.http11.Http11NioProtocol : 173 ] - Starting ProtocolHandler ["http-nio-8000"]
2020-03-24 18:27:35.054 [ main ] - [ INFO  ] [ org.apache.tomcat.util.net.NioSelectorPool : 173 ] - Using a shared selector for servlet write/read
2020-03-24 18:27:35.082 [ main ] - [ INFO  ] [ com.wmding.blog.MyBlogApplication : 59 ] - Started MyBlogApplication in 3.86 seconds (JVM running for 4.585)
2020-03-24 18:27:39.430 [ http-nio-8000-exec-1 ] - [ INFO  ] [ o.a.c.core.ContainerBase.[Tomcat].[localhost].[/] : 173 ] - Initializing Spring DispatcherServlet 'dispatcherServlet'
2020-03-24 18:30:10.356 [ Thread-10 ] - [ INFO  ] [ com.alibaba.druid.pool.DruidDataSource : 1825 ] - {dataSource-1} closed
2020-03-24 18:30:15.705 [ main ] - [ INFO  ] [ com.wmding.blog.MyBlogApplication : 50 ] - Starting MyBlogApplication on wmdingdeMBP.lan with PID 55822 (/Users/wmding/WorkSpaces/My/blog/My-Blog/target/classes started by wmding in /Users/wmding/WorkSpaces/My/blog/My-Blog)
2020-03-24 18:30:15.709 [ main ] - [ INFO  ] [ com.wmding.blog.MyBlogApplication : 675 ] - No active profile set, falling back to default profiles: default
2020-03-24 18:30:17.155 [ main ] - [ INFO  ] [ org.apache.coyote.http11.Http11NioProtocol : 173 ] - Initializing ProtocolHandler ["http-nio-8000"]
2020-03-24 18:30:17.159 [ main ] - [ INFO  ] [ org.apache.catalina.core.StandardService : 173 ] - Starting service [Tomcat]
2020-03-24 18:30:17.159 [ main ] - [ INFO  ] [ org.apache.catalina.core.StandardEngine : 173 ] - Starting Servlet Engine: Apache Tomcat/9.0.12
2020-03-24 18:30:17.165 [ main ] - [ INFO  ] [ org.apache.catalina.core.AprLifecycleListener : 173 ] - The APR based Apache Tomcat Native library which allows optimal performance in production environments was not found on the java.library.path: [/Users/wmding/Library/Java/Extensions:/Library/Java/Extensions:/Network/Library/Java/Extensions:/System/Library/Java/Extensions:/usr/lib/java:.]
2020-03-24 18:30:17.227 [ main ] - [ INFO  ] [ o.a.c.core.ContainerBase.[Tomcat].[localhost].[/] : 173 ] - Initializing Spring embedded WebApplicationContext
2020-03-24 18:30:17.397 [ main ] - [ INFO  ] [ c.a.d.s.b.a.DruidDataSourceAutoConfigure : 56 ] - Init DruidDataSource
2020-03-24 18:30:17.853 [ main ] - [ INFO  ] [ com.alibaba.druid.pool.DruidDataSource : 930 ] - {dataSource-1} inited
2020-03-24 18:30:19.471 [ main ] - [ INFO  ] [ org.apache.coyote.http11.Http11NioProtocol : 173 ] - Starting ProtocolHandler ["http-nio-8000"]
2020-03-24 18:30:19.505 [ main ] - [ INFO  ] [ org.apache.tomcat.util.net.NioSelectorPool : 173 ] - Using a shared selector for servlet write/read
2020-03-24 18:30:19.538 [ main ] - [ INFO  ] [ com.wmding.blog.MyBlogApplication : 59 ] - Started MyBlogApplication in 4.315 seconds (JVM running for 5.069)
2020-03-24 18:30:21.968 [ http-nio-8000-exec-1 ] - [ INFO  ] [ o.a.c.core.ContainerBase.[Tomcat].[localhost].[/] : 173 ] - Initializing Spring DispatcherServlet 'dispatcherServlet'
2020-03-24 18:31:17.176 [ Thread-10 ] - [ INFO  ] [ com.alibaba.druid.pool.DruidDataSource : 1825 ] - {dataSource-1} closed
2020-03-24 18:31:21.087 [ main ] - [ INFO  ] [ com.wmding.blog.MyBlogApplication : 50 ] - Starting MyBlogApplication on wmdingdeMBP.lan with PID 55870 (/Users/wmding/WorkSpaces/My/blog/My-Blog/target/classes started by wmding in /Users/wmding/WorkSpaces/My/blog/My-Blog)
2020-03-24 18:31:21.091 [ main ] - [ INFO  ] [ com.wmding.blog.MyBlogApplication : 675 ] - No active profile set, falling back to default profiles: default
2020-03-24 18:31:22.293 [ main ] - [ INFO  ] [ org.apache.coyote.http11.Http11NioProtocol : 173 ] - Initializing ProtocolHandler ["http-nio-8000"]
2020-03-24 18:31:22.297 [ main ] - [ INFO  ] [ org.apache.catalina.core.StandardService : 173 ] - Starting service [Tomcat]
2020-03-24 18:31:22.298 [ main ] - [ INFO  ] [ org.apache.catalina.core.StandardEngine : 173 ] - Starting Servlet Engine: Apache Tomcat/9.0.12
2020-03-24 18:31:22.304 [ main ] - [ INFO  ] [ org.apache.catalina.core.AprLifecycleListener : 173 ] - The APR based Apache Tomcat Native library which allows optimal performance in production environments was not found on the java.library.path: [/Users/wmding/Library/Java/Extensions:/Library/Java/Extensions:/Network/Library/Java/Extensions:/System/Library/Java/Extensions:/usr/lib/java:.]
2020-03-24 18:31:22.372 [ main ] - [ INFO  ] [ o.a.c.core.ContainerBase.[Tomcat].[localhost].[/] : 173 ] - Initializing Spring embedded WebApplicationContext
2020-03-24 18:31:22.515 [ main ] - [ INFO  ] [ c.a.d.s.b.a.DruidDataSourceAutoConfigure : 56 ] - Init DruidDataSource
2020-03-24 18:31:22.930 [ main ] - [ INFO  ] [ com.alibaba.druid.pool.DruidDataSource : 930 ] - {dataSource-1} inited
2020-03-24 18:31:24.349 [ main ] - [ INFO  ] [ org.apache.coyote.http11.Http11NioProtocol : 173 ] - Starting ProtocolHandler ["http-nio-8000"]
2020-03-24 18:31:24.382 [ main ] - [ INFO  ] [ org.apache.tomcat.util.net.NioSelectorPool : 173 ] - Using a shared selector for servlet write/read
2020-03-24 18:31:24.413 [ main ] - [ INFO  ] [ com.wmding.blog.MyBlogApplication : 59 ] - Started MyBlogApplication in 3.765 seconds (JVM running for 4.445)
2020-03-24 18:31:33.101 [ http-nio-8000-exec-1 ] - [ INFO  ] [ o.a.c.core.ContainerBase.[Tomcat].[localhost].[/] : 173 ] - Initializing Spring DispatcherServlet 'dispatcherServlet'
2020-03-24 18:32:00.774 [ Thread-9 ] - [ INFO  ] [ com.alibaba.druid.pool.DruidDataSource : 1825 ] - {dataSource-1} closed
2020-03-24 18:32:04.897 [ main ] - [ INFO  ] [ com.wmding.blog.MyBlogApplication : 50 ] - Starting MyBlogApplication on wmdingdeMBP.lan with PID 55899 (/Users/wmding/WorkSpaces/My/blog/My-Blog/target/classes started by wmding in /Users/wmding/WorkSpaces/My/blog/My-Blog)
2020-03-24 18:32:04.901 [ main ] - [ INFO  ] [ com.wmding.blog.MyBlogApplication : 675 ] - No active profile set, falling back to default profiles: default
2020-03-24 18:32:06.202 [ main ] - [ INFO  ] [ org.apache.coyote.http11.Http11NioProtocol : 173 ] - Initializing ProtocolHandler ["http-nio-8000"]
2020-03-24 18:32:06.206 [ main ] - [ INFO  ] [ org.apache.catalina.core.StandardService : 173 ] - Starting service [Tomcat]
2020-03-24 18:32:06.207 [ main ] - [ INFO  ] [ org.apache.catalina.core.StandardEngine : 173 ] - Starting Servlet Engine: Apache Tomcat/9.0.12
2020-03-24 18:32:06.214 [ main ] - [ INFO  ] [ org.apache.catalina.core.AprLifecycleListener : 173 ] - The APR based Apache Tomcat Native library which allows optimal performance in production environments was not found on the java.library.path: [/Users/wmding/Library/Java/Extensions:/Library/Java/Extensions:/Network/Library/Java/Extensions:/System/Library/Java/Extensions:/usr/lib/java:.]
2020-03-24 18:32:06.276 [ main ] - [ INFO  ] [ o.a.c.core.ContainerBase.[Tomcat].[localhost].[/] : 173 ] - Initializing Spring embedded WebApplicationContext
2020-03-24 18:32:06.411 [ main ] - [ INFO  ] [ c.a.d.s.b.a.DruidDataSourceAutoConfigure : 56 ] - Init DruidDataSource
2020-03-24 18:32:06.815 [ main ] - [ INFO  ] [ com.alibaba.druid.pool.DruidDataSource : 930 ] - {dataSource-1} inited
2020-03-24 18:32:08.133 [ main ] - [ INFO  ] [ org.apache.coyote.http11.Http11NioProtocol : 173 ] - Starting ProtocolHandler ["http-nio-8000"]
2020-03-24 18:32:08.162 [ main ] - [ INFO  ] [ org.apache.tomcat.util.net.NioSelectorPool : 173 ] - Using a shared selector for servlet write/read
2020-03-24 18:32:08.188 [ main ] - [ INFO  ] [ com.wmding.blog.MyBlogApplication : 59 ] - Started MyBlogApplication in 3.742 seconds (JVM running for 4.432)
2020-03-24 18:35:37.915 [ Thread-9 ] - [ INFO  ] [ com.alibaba.druid.pool.DruidDataSource : 1825 ] - {dataSource-1} closed
2020-03-24 18:35:42.112 [ main ] - [ INFO  ] [ com.wmding.blog.MyBlogApplication : 50 ] - Starting MyBlogApplication on wmdingdeMBP.lan with PID 56058 (/Users/wmding/WorkSpaces/My/blog/My-Blog/target/classes started by wmding in /Users/wmding/WorkSpaces/My/blog/My-Blog)
2020-03-24 18:35:42.115 [ main ] - [ INFO  ] [ com.wmding.blog.MyBlogApplication : 675 ] - No active profile set, falling back to default profiles: default
2020-03-24 18:35:43.448 [ main ] - [ INFO  ] [ org.apache.coyote.http11.Http11NioProtocol : 173 ] - Initializing ProtocolHandler ["http-nio-8000"]
2020-03-24 18:35:43.451 [ main ] - [ INFO  ] [ org.apache.catalina.core.StandardService : 173 ] - Starting service [Tomcat]
2020-03-24 18:35:43.452 [ main ] - [ INFO  ] [ org.apache.catalina.core.StandardEngine : 173 ] - Starting Servlet Engine: Apache Tomcat/9.0.12
2020-03-24 18:35:43.458 [ main ] - [ INFO  ] [ org.apache.catalina.core.AprLifecycleListener : 173 ] - The APR based Apache Tomcat Native library which allows optimal performance in production environments was not found on the java.library.path: [/Users/wmding/Library/Java/Extensions:/Library/Java/Extensions:/Network/Library/Java/Extensions:/System/Library/Java/Extensions:/usr/lib/java:.]
2020-03-24 18:35:43.520 [ main ] - [ INFO  ] [ o.a.c.core.ContainerBase.[Tomcat].[localhost].[/] : 173 ] - Initializing Spring embedded WebApplicationContext
2020-03-24 18:35:43.657 [ main ] - [ INFO  ] [ c.a.d.s.b.a.DruidDataSourceAutoConfigure : 56 ] - Init DruidDataSource
2020-03-24 18:35:44.091 [ main ] - [ INFO  ] [ com.alibaba.druid.pool.DruidDataSource : 930 ] - {dataSource-1} inited
2020-03-24 18:35:45.547 [ main ] - [ INFO  ] [ org.apache.coyote.http11.Http11NioProtocol : 173 ] - Starting ProtocolHandler ["http-nio-8000"]
2020-03-24 18:35:45.579 [ main ] - [ INFO  ] [ org.apache.tomcat.util.net.NioSelectorPool : 173 ] - Using a shared selector for servlet write/read
2020-03-24 18:35:45.607 [ main ] - [ INFO  ] [ com.wmding.blog.MyBlogApplication : 59 ] - Started MyBlogApplication in 3.942 seconds (JVM running for 4.729)
2020-03-24 18:35:46.517 [ http-nio-8000-exec-1 ] - [ INFO  ] [ o.a.c.core.ContainerBase.[Tomcat].[localhost].[/] : 173 ] - Initializing Spring DispatcherServlet 'dispatcherServlet'
2020-03-24 18:38:50.929 [ Thread-10 ] - [ INFO  ] [ com.alibaba.druid.pool.DruidDataSource : 1825 ] - {dataSource-1} closed
2020-03-24 18:38:53.236 [ main ] - [ INFO  ] [ com.wmding.blog.MyBlogApplication : 50 ] - Starting MyBlogApplication on wmdingdeMBP.lan with PID 56175 (/Users/wmding/WorkSpaces/My/blog/My-Blog/target/classes started by wmding in /Users/wmding/WorkSpaces/My/blog/My-Blog)
2020-03-24 18:38:53.256 [ main ] - [ INFO  ] [ com.wmding.blog.MyBlogApplication : 675 ] - No active profile set, falling back to default profiles: default
2020-03-24 18:38:54.512 [ main ] - [ INFO  ] [ org.apache.coyote.http11.Http11NioProtocol : 173 ] - Initializing ProtocolHandler ["http-nio-8000"]
2020-03-24 18:38:54.516 [ main ] - [ INFO  ] [ org.apache.catalina.core.StandardService : 173 ] - Starting service [Tomcat]
2020-03-24 18:38:54.516 [ main ] - [ INFO  ] [ org.apache.catalina.core.StandardEngine : 173 ] - Starting Servlet Engine: Apache Tomcat/9.0.12
2020-03-24 18:38:54.522 [ main ] - [ INFO  ] [ org.apache.catalina.core.AprLifecycleListener : 173 ] - The APR based Apache Tomcat Native library which allows optimal performance in production environments was not found on the java.library.path: [/Users/wmding/Library/Java/Extensions:/Library/Java/Extensions:/Network/Library/Java/Extensions:/System/Library/Java/Extensions:/usr/lib/java:.]
2020-03-24 18:38:54.587 [ main ] - [ INFO  ] [ o.a.c.core.ContainerBase.[Tomcat].[localhost].[/] : 173 ] - Initializing Spring embedded WebApplicationContext
2020-03-24 18:38:54.725 [ main ] - [ INFO  ] [ c.a.d.s.b.a.DruidDataSourceAutoConfigure : 56 ] - Init DruidDataSource
2020-03-24 18:38:55.143 [ main ] - [ INFO  ] [ com.alibaba.druid.pool.DruidDataSource : 930 ] - {dataSource-1} inited
2020-03-24 18:38:56.563 [ main ] - [ INFO  ] [ org.apache.coyote.http11.Http11NioProtocol : 173 ] - Starting ProtocolHandler ["http-nio-8000"]
2020-03-24 18:38:56.597 [ main ] - [ INFO  ] [ org.apache.tomcat.util.net.NioSelectorPool : 173 ] - Using a shared selector for servlet write/read
2020-03-24 18:38:56.627 [ main ] - [ INFO  ] [ com.wmding.blog.MyBlogApplication : 59 ] - Started MyBlogApplication in 3.874 seconds (JVM running for 4.893)
2020-03-24 18:39:00.425 [ http-nio-8000-exec-1 ] - [ INFO  ] [ o.a.c.core.ContainerBase.[Tomcat].[localhost].[/] : 173 ] - Initializing Spring DispatcherServlet 'dispatcherServlet'
2020-03-24 18:41:20.509 [ Thread-11 ] - [ INFO  ] [ com.alibaba.druid.pool.DruidDataSource : 1825 ] - {dataSource-1} closed
2020-03-24 18:41:24.601 [ main ] - [ INFO  ] [ com.wmding.blog.MyBlogApplication : 50 ] - Starting MyBlogApplication on wmdingdeMBP.lan with PID 56270 (/Users/wmding/WorkSpaces/My/blog/My-Blog/target/classes started by wmding in /Users/wmding/WorkSpaces/My/blog/My-Blog)
2020-03-24 18:41:24.605 [ main ] - [ INFO  ] [ com.wmding.blog.MyBlogApplication : 675 ] - No active profile set, falling back to default profiles: default
2020-03-24 18:41:25.980 [ main ] - [ INFO  ] [ org.apache.coyote.http11.Http11NioProtocol : 173 ] - Initializing ProtocolHandler ["http-nio-8000"]
2020-03-24 18:41:25.984 [ main ] - [ INFO  ] [ org.apache.catalina.core.StandardService : 173 ] - Starting service [Tomcat]
2020-03-24 18:41:25.985 [ main ] - [ INFO  ] [ org.apache.catalina.core.StandardEngine : 173 ] - Starting Servlet Engine: Apache Tomcat/9.0.12
2020-03-24 18:41:25.990 [ main ] - [ INFO  ] [ org.apache.catalina.core.AprLifecycleListener : 173 ] - The APR based Apache Tomcat Native library which allows optimal performance in production environments was not found on the java.library.path: [/Users/wmding/Library/Java/Extensions:/Library/Java/Extensions:/Network/Library/Java/Extensions:/System/Library/Java/Extensions:/usr/lib/java:.]
2020-03-24 18:41:26.054 [ main ] - [ INFO  ] [ o.a.c.core.ContainerBase.[Tomcat].[localhost].[/] : 173 ] - Initializing Spring embedded WebApplicationContext
2020-03-24 18:41:26.207 [ main ] - [ INFO  ] [ c.a.d.s.b.a.DruidDataSourceAutoConfigure : 56 ] - Init DruidDataSource
2020-03-24 18:41:26.648 [ main ] - [ INFO  ] [ com.alibaba.druid.pool.DruidDataSource : 930 ] - {dataSource-1} inited
2020-03-24 18:41:28.058 [ main ] - [ INFO  ] [ org.apache.coyote.http11.Http11NioProtocol : 173 ] - Starting ProtocolHandler ["http-nio-8000"]
2020-03-24 18:41:28.089 [ main ] - [ INFO  ] [ org.apache.tomcat.util.net.NioSelectorPool : 173 ] - Using a shared selector for servlet write/read
2020-03-24 18:41:28.115 [ main ] - [ INFO  ] [ com.wmding.blog.MyBlogApplication : 59 ] - Started MyBlogApplication in 4.017 seconds (JVM running for 4.73)
2020-03-24 18:41:58.002 [ http-nio-8000-exec-1 ] - [ INFO  ] [ o.a.c.core.ContainerBase.[Tomcat].[localhost].[/] : 173 ] - Initializing Spring DispatcherServlet 'dispatcherServlet'
2020-03-24 18:42:50.251 [ Thread-10 ] - [ INFO  ] [ com.alibaba.druid.pool.DruidDataSource : 1825 ] - {dataSource-1} closed
2020-03-24 18:42:54.222 [ main ] - [ INFO  ] [ com.wmding.blog.MyBlogApplication : 50 ] - Starting MyBlogApplication on wmdingdeMBP.lan with PID 56325 (/Users/wmding/WorkSpaces/My/blog/My-Blog/target/classes started by wmding in /Users/wmding/WorkSpaces/My/blog/My-Blog)
2020-03-24 18:42:54.225 [ main ] - [ INFO  ] [ com.wmding.blog.MyBlogApplication : 675 ] - No active profile set, falling back to default profiles: default
2020-03-24 18:42:55.486 [ main ] - [ INFO  ] [ org.apache.coyote.http11.Http11NioProtocol : 173 ] - Initializing ProtocolHandler ["http-nio-8000"]
2020-03-24 18:42:55.490 [ main ] - [ INFO  ] [ org.apache.catalina.core.StandardService : 173 ] - Starting service [Tomcat]
2020-03-24 18:42:55.490 [ main ] - [ INFO  ] [ org.apache.catalina.core.StandardEngine : 173 ] - Starting Servlet Engine: Apache Tomcat/9.0.12
2020-03-24 18:42:55.496 [ main ] - [ INFO  ] [ org.apache.catalina.core.AprLifecycleListener : 173 ] - The APR based Apache Tomcat Native library which allows optimal performance in production environments was not found on the java.library.path: [/Users/wmding/Library/Java/Extensions:/Library/Java/Extensions:/Network/Library/Java/Extensions:/System/Library/Java/Extensions:/usr/lib/java:.]
2020-03-24 18:42:55.557 [ main ] - [ INFO  ] [ o.a.c.core.ContainerBase.[Tomcat].[localhost].[/] : 173 ] - Initializing Spring embedded WebApplicationContext
2020-03-24 18:42:55.695 [ main ] - [ INFO  ] [ c.a.d.s.b.a.DruidDataSourceAutoConfigure : 56 ] - Init DruidDataSource
2020-03-24 18:42:56.274 [ main ] - [ INFO  ] [ com.alibaba.druid.pool.DruidDataSource : 930 ] - {dataSource-1} inited
2020-03-24 18:42:58.121 [ main ] - [ INFO  ] [ org.apache.coyote.http11.Http11NioProtocol : 173 ] - Starting ProtocolHandler ["http-nio-8000"]
2020-03-24 18:42:58.154 [ main ] - [ INFO  ] [ org.apache.tomcat.util.net.NioSelectorPool : 173 ] - Using a shared selector for servlet write/read
2020-03-24 18:42:58.183 [ main ] - [ INFO  ] [ com.wmding.blog.MyBlogApplication : 59 ] - Started MyBlogApplication in 4.386 seconds (JVM running for 5.064)
2020-03-24 18:43:01.287 [ http-nio-8000-exec-1 ] - [ INFO  ] [ o.a.c.core.ContainerBase.[Tomcat].[localhost].[/] : 173 ] - Initializing Spring DispatcherServlet 'dispatcherServlet'
2020-03-24 18:53:08.295 [ Thread-11 ] - [ INFO  ] [ com.alibaba.druid.pool.DruidDataSource : 1825 ] - {dataSource-1} closed
2020-03-24 18:53:12.314 [ main ] - [ INFO  ] [ com.wmding.blog.MyBlogApplication : 50 ] - Starting MyBlogApplication on wmdingdeMBP.lan with PID 56725 (/Users/wmding/WorkSpaces/My/blog/My-Blog/target/classes started by wmding in /Users/wmding/WorkSpaces/My/blog/My-Blog)
2020-03-24 18:53:12.318 [ main ] - [ INFO  ] [ com.wmding.blog.MyBlogApplication : 675 ] - No active profile set, falling back to default profiles: default
2020-03-24 18:53:13.739 [ main ] - [ INFO  ] [ org.apache.coyote.http11.Http11NioProtocol : 173 ] - Initializing ProtocolHandler ["http-nio-8000"]
2020-03-24 18:53:13.743 [ main ] - [ INFO  ] [ org.apache.catalina.core.StandardService : 173 ] - Starting service [Tomcat]
2020-03-24 18:53:13.743 [ main ] - [ INFO  ] [ org.apache.catalina.core.StandardEngine : 173 ] - Starting Servlet Engine: Apache Tomcat/9.0.12
2020-03-24 18:53:13.749 [ main ] - [ INFO  ] [ org.apache.catalina.core.AprLifecycleListener : 173 ] - The APR based Apache Tomcat Native library which allows optimal performance in production environments was not found on the java.library.path: [/Users/wmding/Library/Java/Extensions:/Library/Java/Extensions:/Network/Library/Java/Extensions:/System/Library/Java/Extensions:/usr/lib/java:.]
2020-03-24 18:53:13.812 [ main ] - [ INFO  ] [ o.a.c.core.ContainerBase.[Tomcat].[localhost].[/] : 173 ] - Initializing Spring embedded WebApplicationContext
2020-03-24 18:53:13.948 [ main ] - [ INFO  ] [ c.a.d.s.b.a.DruidDataSourceAutoConfigure : 56 ] - Init DruidDataSource
2020-03-24 18:53:14.353 [ main ] - [ INFO  ] [ com.alibaba.druid.pool.DruidDataSource : 930 ] - {dataSource-1} inited
2020-03-24 18:53:15.003 [ main ] - [ INFO  ] [ org.apache.coyote.http11.Http11NioProtocol : 173 ] - Starting ProtocolHandler ["http-nio-8000"]
2020-03-24 18:53:15.041 [ main ] - [ INFO  ] [ org.apache.tomcat.util.net.NioSelectorPool : 173 ] - Using a shared selector for servlet write/read
2020-03-24 18:53:15.062 [ main ] - [ INFO  ] [ com.wmding.blog.MyBlogApplication : 59 ] - Started MyBlogApplication in 3.212 seconds (JVM running for 3.958)
2020-03-24 18:53:19.017 [ http-nio-8000-exec-1 ] - [ INFO  ] [ o.a.c.core.ContainerBase.[Tomcat].[localhost].[/] : 173 ] - Initializing Spring DispatcherServlet 'dispatcherServlet'
2020-03-24 18:55:17.910 [ Thread-8 ] - [ INFO  ] [ com.alibaba.druid.pool.DruidDataSource : 1825 ] - {dataSource-1} closed
2020-03-24 18:55:22.372 [ main ] - [ INFO  ] [ com.wmding.blog.MyBlogApplication : 50 ] - Starting MyBlogApplication on wmdingdeMBP.lan with PID 56807 (/Users/wmding/WorkSpaces/My/blog/My-Blog/target/classes started by wmding in /Users/wmding/WorkSpaces/My/blog/My-Blog)
2020-03-24 18:55:22.376 [ main ] - [ INFO  ] [ com.wmding.blog.MyBlogApplication : 675 ] - No active profile set, falling back to default profiles: default
2020-03-24 18:55:23.609 [ main ] - [ INFO  ] [ org.apache.coyote.http11.Http11NioProtocol : 173 ] - Initializing ProtocolHandler ["http-nio-8000"]
2020-03-24 18:55:23.614 [ main ] - [ INFO  ] [ org.apache.catalina.core.StandardService : 173 ] - Starting service [Tomcat]
2020-03-24 18:55:23.614 [ main ] - [ INFO  ] [ org.apache.catalina.core.StandardEngine : 173 ] - Starting Servlet Engine: Apache Tomcat/9.0.12
2020-03-24 18:55:23.620 [ main ] - [ INFO  ] [ org.apache.catalina.core.AprLifecycleListener : 173 ] - The APR based Apache Tomcat Native library which allows optimal performance in production environments was not found on the java.library.path: [/Users/wmding/Library/Java/Extensions:/Library/Java/Extensions:/Network/Library/Java/Extensions:/System/Library/Java/Extensions:/usr/lib/java:.]
2020-03-24 18:55:23.688 [ main ] - [ INFO  ] [ o.a.c.core.ContainerBase.[Tomcat].[localhost].[/] : 173 ] - Initializing Spring embedded WebApplicationContext
2020-03-24 18:55:23.824 [ main ] - [ INFO  ] [ c.a.d.s.b.a.DruidDataSourceAutoConfigure : 56 ] - Init DruidDataSource
2020-03-24 18:55:24.205 [ main ] - [ INFO  ] [ com.alibaba.druid.pool.DruidDataSource : 930 ] - {dataSource-1} inited
2020-03-24 18:55:24.853 [ main ] - [ INFO  ] [ org.apache.coyote.http11.Http11NioProtocol : 173 ] - Starting ProtocolHandler ["http-nio-8000"]
2020-03-24 18:55:24.876 [ main ] - [ INFO  ] [ org.apache.tomcat.util.net.NioSelectorPool : 173 ] - Using a shared selector for servlet write/read
2020-03-24 18:55:24.898 [ main ] - [ INFO  ] [ com.wmding.blog.MyBlogApplication : 59 ] - Started MyBlogApplication in 2.975 seconds (JVM running for 3.714)
2020-03-24 18:55:27.449 [ http-nio-8000-exec-1 ] - [ INFO  ] [ o.a.c.core.ContainerBase.[Tomcat].[localhost].[/] : 173 ] - Initializing Spring DispatcherServlet 'dispatcherServlet'
2020-03-24 20:09:01.869 [ Thread-8 ] - [ INFO  ] [ com.alibaba.druid.pool.DruidDataSource : 1825 ] - {dataSource-1} closed
2020-03-24 20:09:05.529 [ main ] - [ INFO  ] [ com.wmding.blog.MyBlogApplication : 50 ] - Starting MyBlogApplication on wmdingdeMBP.lan with PID 59442 (/Users/wmding/WorkSpaces/My/blog/My-Blog/target/classes started by wmding in /Users/wmding/WorkSpaces/My/blog/My-Blog)
2020-03-24 20:09:05.534 [ main ] - [ INFO  ] [ com.wmding.blog.MyBlogApplication : 675 ] - No active profile set, falling back to default profiles: default
2020-03-24 20:09:06.779 [ main ] - [ INFO  ] [ org.apache.coyote.http11.Http11NioProtocol : 173 ] - Initializing ProtocolHandler ["http-nio-8000"]
2020-03-24 20:09:06.783 [ main ] - [ INFO  ] [ org.apache.catalina.core.StandardService : 173 ] - Starting service [Tomcat]
2020-03-24 20:09:06.784 [ main ] - [ INFO  ] [ org.apache.catalina.core.StandardEngine : 173 ] - Starting Servlet Engine: Apache Tomcat/9.0.12
2020-03-24 20:09:06.790 [ main ] - [ INFO  ] [ org.apache.catalina.core.AprLifecycleListener : 173 ] - The APR based Apache Tomcat Native library which allows optimal performance in production environments was not found on the java.library.path: [/Users/wmding/Library/Java/Extensions:/Library/Java/Extensions:/Network/Library/Java/Extensions:/System/Library/Java/Extensions:/usr/lib/java:.]
2020-03-24 20:09:06.860 [ main ] - [ INFO  ] [ o.a.c.core.ContainerBase.[Tomcat].[localhost].[/] : 173 ] - Initializing Spring embedded WebApplicationContext
2020-03-24 20:09:07.034 [ main ] - [ INFO  ] [ c.a.d.s.b.a.DruidDataSourceAutoConfigure : 56 ] - Init DruidDataSource
2020-03-24 20:09:07.448 [ main ] - [ INFO  ] [ com.alibaba.druid.pool.DruidDataSource : 930 ] - {dataSource-1} inited
2020-03-24 20:09:08.185 [ main ] - [ INFO  ] [ org.apache.coyote.http11.Http11NioProtocol : 173 ] - Starting ProtocolHandler ["http-nio-8000"]
2020-03-24 20:09:08.228 [ main ] - [ INFO  ] [ org.apache.tomcat.util.net.NioSelectorPool : 173 ] - Using a shared selector for servlet write/read
2020-03-24 20:09:08.254 [ main ] - [ INFO  ] [ com.wmding.blog.MyBlogApplication : 59 ] - Started MyBlogApplication in 3.201 seconds (JVM running for 4.198)
2020-03-24 20:09:12.856 [ http-nio-8000-exec-1 ] - [ INFO  ] [ o.a.c.core.ContainerBase.[Tomcat].[localhost].[/] : 173 ] - Initializing Spring DispatcherServlet 'dispatcherServlet'
2020-03-24 20:13:48.432 [ Thread-9 ] - [ INFO  ] [ com.alibaba.druid.pool.DruidDataSource : 1825 ] - {dataSource-1} closed
2020-03-24 20:13:52.663 [ main ] - [ INFO  ] [ com.wmding.blog.MyBlogApplication : 50 ] - Starting MyBlogApplication on wmdingdeMBP.lan with PID 59651 (/Users/wmding/WorkSpaces/My/blog/My-Blog/target/classes started by wmding in /Users/wmding/WorkSpaces/My/blog/My-Blog)
2020-03-24 20:13:52.667 [ main ] - [ INFO  ] [ com.wmding.blog.MyBlogApplication : 675 ] - No active profile set, falling back to default profiles: default
2020-03-24 20:13:54.021 [ main ] - [ INFO  ] [ org.apache.coyote.http11.Http11NioProtocol : 173 ] - Initializing ProtocolHandler ["http-nio-8000"]
2020-03-24 20:13:54.025 [ main ] - [ INFO  ] [ org.apache.catalina.core.StandardService : 173 ] - Starting service [Tomcat]
2020-03-24 20:13:54.025 [ main ] - [ INFO  ] [ org.apache.catalina.core.StandardEngine : 173 ] - Starting Servlet Engine: Apache Tomcat/9.0.12
2020-03-24 20:13:54.031 [ main ] - [ INFO  ] [ org.apache.catalina.core.AprLifecycleListener : 173 ] - The APR based Apache Tomcat Native library which allows optimal performance in production environments was not found on the java.library.path: [/Users/wmding/Library/Java/Extensions:/Library/Java/Extensions:/Network/Library/Java/Extensions:/System/Library/Java/Extensions:/usr/lib/java:.]
2020-03-24 20:13:54.097 [ main ] - [ INFO  ] [ o.a.c.core.ContainerBase.[Tomcat].[localhost].[/] : 173 ] - Initializing Spring embedded WebApplicationContext
2020-03-24 20:13:54.242 [ main ] - [ INFO  ] [ c.a.d.s.b.a.DruidDataSourceAutoConfigure : 56 ] - Init DruidDataSource
2020-03-24 20:13:54.650 [ main ] - [ INFO  ] [ com.alibaba.druid.pool.DruidDataSource : 930 ] - {dataSource-1} inited
2020-03-24 20:13:55.301 [ main ] - [ INFO  ] [ org.apache.coyote.http11.Http11NioProtocol : 173 ] - Starting ProtocolHandler ["http-nio-8000"]
2020-03-24 20:13:55.324 [ main ] - [ INFO  ] [ org.apache.tomcat.util.net.NioSelectorPool : 173 ] - Using a shared selector for servlet write/read
2020-03-24 20:13:55.347 [ main ] - [ INFO  ] [ com.wmding.blog.MyBlogApplication : 59 ] - Started MyBlogApplication in 3.2 seconds (JVM running for 3.998)
2020-03-24 20:14:42.206 [ http-nio-8000-exec-1 ] - [ INFO  ] [ o.a.c.core.ContainerBase.[Tomcat].[localhost].[/] : 173 ] - Initializing Spring DispatcherServlet 'dispatcherServlet'
2020-03-24 20:16:26.442 [ Thread-8 ] - [ INFO  ] [ com.alibaba.druid.pool.DruidDataSource : 1825 ] - {dataSource-1} closed
2020-03-24 20:16:32.086 [ main ] - [ INFO  ] [ com.wmding.blog.MyBlogApplication : 50 ] - Starting MyBlogApplication on wmdingdeMBP.lan with PID 59752 (/Users/wmding/WorkSpaces/My/blog/My-Blog/target/classes started by wmding in /Users/wmding/WorkSpaces/My/blog/My-Blog)
2020-03-24 20:16:32.091 [ main ] - [ INFO  ] [ com.wmding.blog.MyBlogApplication : 675 ] - No active profile set, falling back to default profiles: default
2020-03-24 20:16:33.434 [ main ] - [ INFO  ] [ org.apache.coyote.http11.Http11NioProtocol : 173 ] - Initializing ProtocolHandler ["http-nio-8000"]
2020-03-24 20:16:33.438 [ main ] - [ INFO  ] [ org.apache.catalina.core.StandardService : 173 ] - Starting service [Tomcat]
2020-03-24 20:16:33.438 [ main ] - [ INFO  ] [ org.apache.catalina.core.StandardEngine : 173 ] - Starting Servlet Engine: Apache Tomcat/9.0.12
2020-03-24 20:16:33.444 [ main ] - [ INFO  ] [ org.apache.catalina.core.AprLifecycleListener : 173 ] - The APR based Apache Tomcat Native library which allows optimal performance in production environments was not found on the java.library.path: [/Users/wmding/Library/Java/Extensions:/Library/Java/Extensions:/Network/Library/Java/Extensions:/System/Library/Java/Extensions:/usr/lib/java:.]
2020-03-24 20:16:33.510 [ main ] - [ INFO  ] [ o.a.c.core.ContainerBase.[Tomcat].[localhost].[/] : 173 ] - Initializing Spring embedded WebApplicationContext
2020-03-24 20:16:33.654 [ main ] - [ INFO  ] [ c.a.d.s.b.a.DruidDataSourceAutoConfigure : 56 ] - Init DruidDataSource
2020-03-24 20:16:34.078 [ main ] - [ INFO  ] [ com.alibaba.druid.pool.DruidDataSource : 930 ] - {dataSource-1} inited
2020-03-24 20:16:34.734 [ main ] - [ INFO  ] [ org.apache.coyote.http11.Http11NioProtocol : 173 ] - Starting ProtocolHandler ["http-nio-8000"]
2020-03-24 20:16:34.757 [ main ] - [ INFO  ] [ org.apache.tomcat.util.net.NioSelectorPool : 173 ] - Using a shared selector for servlet write/read
2020-03-24 20:16:34.777 [ main ] - [ INFO  ] [ com.wmding.blog.MyBlogApplication : 59 ] - Started MyBlogApplication in 3.159 seconds (JVM running for 3.907)
2020-03-24 20:16:39.244 [ http-nio-8000-exec-1 ] - [ INFO  ] [ o.a.c.core.ContainerBase.[Tomcat].[localhost].[/] : 173 ] - Initializing Spring DispatcherServlet 'dispatcherServlet'
2020-03-24 20:17:10.736 [ Thread-8 ] - [ INFO  ] [ com.alibaba.druid.pool.DruidDataSource : 1825 ] - {dataSource-1} closed
2020-03-24 20:17:14.912 [ main ] - [ INFO  ] [ com.wmding.blog.MyBlogApplication : 50 ] - Starting MyBlogApplication on wmdingdeMBP.lan with PID 59782 (/Users/wmding/WorkSpaces/My/blog/My-Blog/target/classes started by wmding in /Users/wmding/WorkSpaces/My/blog/My-Blog)
2020-03-24 20:17:14.916 [ main ] - [ INFO  ] [ com.wmding.blog.MyBlogApplication : 675 ] - No active profile set, falling back to default profiles: default
2020-03-24 20:17:16.243 [ main ] - [ INFO  ] [ org.apache.coyote.http11.Http11NioProtocol : 173 ] - Initializing ProtocolHandler ["http-nio-8000"]
2020-03-24 20:17:16.247 [ main ] - [ INFO  ] [ org.apache.catalina.core.StandardService : 173 ] - Starting service [Tomcat]
2020-03-24 20:17:16.247 [ main ] - [ INFO  ] [ org.apache.catalina.core.StandardEngine : 173 ] - Starting Servlet Engine: Apache Tomcat/9.0.12
2020-03-24 20:17:16.254 [ main ] - [ INFO  ] [ org.apache.catalina.core.AprLifecycleListener : 173 ] - The APR based Apache Tomcat Native library which allows optimal performance in production environments was not found on the java.library.path: [/Users/wmding/Library/Java/Extensions:/Library/Java/Extensions:/Network/Library/Java/Extensions:/System/Library/Java/Extensions:/usr/lib/java:.]
2020-03-24 20:17:16.317 [ main ] - [ INFO  ] [ o.a.c.core.ContainerBase.[Tomcat].[localhost].[/] : 173 ] - Initializing Spring embedded WebApplicationContext
2020-03-24 20:17:16.452 [ main ] - [ INFO  ] [ c.a.d.s.b.a.DruidDataSourceAutoConfigure : 56 ] - Init DruidDataSource
2020-03-24 20:17:16.864 [ main ] - [ INFO  ] [ com.alibaba.druid.pool.DruidDataSource : 930 ] - {dataSource-1} inited
2020-03-24 20:17:17.518 [ main ] - [ INFO  ] [ org.apache.coyote.http11.Http11NioProtocol : 173 ] - Starting ProtocolHandler ["http-nio-8000"]
2020-03-24 20:17:17.540 [ main ] - [ INFO  ] [ org.apache.tomcat.util.net.NioSelectorPool : 173 ] - Using a shared selector for servlet write/read
2020-03-24 20:17:17.559 [ main ] - [ INFO  ] [ com.wmding.blog.MyBlogApplication : 59 ] - Started MyBlogApplication in 3.08 seconds (JVM running for 3.783)
2020-03-24 20:19:38.631 [ http-nio-8000-exec-1 ] - [ INFO  ] [ o.a.c.core.ContainerBase.[Tomcat].[localhost].[/] : 173 ] - Initializing Spring DispatcherServlet 'dispatcherServlet'
